#
# A fatal error has been detected by the Java Runtime Environment:
#
#  EXCEPTION_ACCESS_VIOLATION (0xc0000005) at pc=0x00007ff8c74ef0c1, pid=7364, tid=14624
#
# JRE version: Java(TM) SE Runtime Environment (21.0.8+12) (build 21.0.8+12-LTS-250)
# Java VM: Java HotSpot(TM) 64-Bit Server VM (21.0.8+12-LTS-250, mixed mode, sharing, tiered, compressed oops, compressed class ptrs, g1 gc, windows-amd64)
# Problematic frame:
# V  [jvm.dll+0x26f0c1]
#
# No core dump will be written. Minidumps are not enabled by default on client versions of Windows
#
# If you would like to submit a bug report, please visit:
#   https://bugreport.java.com/bugreport/crash.jsp
#

---------------  S U M M A R Y ------------

Command Line: -XX:+ShowCodeDetailsInExceptionMessages -agentlib:jdwp=transport=dt_socket,suspend=y,address=localhost:60859 -javaagent:C:\Users\Dell\eclipse\jee-2024-09\eclipse\configuration\org.eclipse.osgi\446\0\.cp\lib\javaagent-shaded.jar -Dfile.encoding=UTF-8 -Dstdout.encoding=UTF-8 -Dstderr.encoding=UTF-8 com.sat.tmf.tkt.tktbooking.TicketBookingApplication

Host: Intel(R) Core(TM) i7-8700 CPU @ 3.20GHz, 12 cores, 15G,  Windows 10 , 64 bit Build 19041 (10.0.19041.5915)
Time: Fri Jan  9 12:18:21 2026 India Standard Time elapsed time: 3624.963394 seconds (0d 1h 0m 24s)

---------------  T H R E A D  ---------------

Current thread (0x000001f6593ec4a0):  VMThread "VM Thread"          [id=14624, stack(0x000000e561c00000,0x000000e561d00000) (1024K)]

Stack: [0x000000e561c00000,0x000000e561d00000],  sp=0x000000e561cff108,  free space=1020k
Native frames: (J=compiled Java code, j=interpreted, Vv=VM code, C=native code)
V  [jvm.dll+0x26f0c1]


siginfo: EXCEPTION_ACCESS_VIOLATION (0xc0000005), reading address 0x000001f69ceaa950


Registers:
RAX=0x000001f69ccaa938, RBX=0x000001f69cdc2d28, RCX=0x00000000001fffe0, RDX=0x000000000000ffff
RSP=0x000000e561cff108, RBP=0x00000000000000b2, RSI=0x000000e561cff220, RDI=0x000001f69cdc2d28
R8 =0x00007ff8c74ef0b6, R9 =0x000001f69cdc2d28, R10=0x000001f6593eadd0, R11=0x000001f69cdbc9d0
R12=0x000001f69cdc31a8, R13=0x000001f69cdc2d28, R14=0x000000000000ffff, R15=0x0000000000000001
RIP=0x00007ff8c74ef0c1, EFLAGS=0x0000000000010202


Register to memory mapping:

RAX=0x000001f69ccaa938 is pointing into metadata
RBX=0x000001f69cdc2d28 is pointing into metadata
RCX=0x00000000001fffe0 is an unknown value
RDX=0x000000000000ffff is an unknown value
RSP=0x000000e561cff108 points into unknown readable memory: 0x00007ff8c74ecc52 | 52 cc 4e c7 f8 7f 00 00
RBP=0x00000000000000b2 is an unknown value
RSI=0x000000e561cff220 points into unknown readable memory: 0x000001f69ccaaa10 | 10 aa ca 9c f6 01 00 00
RDI=0x000001f69cdc2d28 is pointing into metadata
R8 =0x00007ff8c74ef0b6 jvm.dll
R9 =0x000001f69cdc2d28 is pointing into metadata
R10=0x000001f6593eadd0 points into unknown readable memory: 0x0000001e00000002 | 02 00 00 00 1e 00 00 00
R11={method} {0x000001f69cdbc9d8} 'testMethod' '(Ljava/lang/String;)Ljava/lang/String;' in 'com/sat/tmf/tkt/tktbooking/controller/UserController'
R12=0x000001f69cdc31a8 is pointing into metadata
R13=0x000001f69cdc2d28 is pointing into metadata
R14=0x000000000000ffff is an unknown value
R15=0x0000000000000001 is an unknown value

Top of Stack: (sp=0x000000e561cff108)
0x000000e561cff108:   00007ff8c74ecc52 0000000000000000
0x000000e561cff118:   000001f637e021c0 000001f637e00000
0x000000e561cff128:   00007ff8c793cbb7 00000000000000b2
0x000000e561cff138:   00007ff8c7900928 0000000000000001
0x000000e561cff148:   00007ff8c761f060 000001f69c25a670
0x000000e561cff158:   000000e561cff1f0 000001f65b28e990
0x000000e561cff168:   00007ff9028d5ba1 000000e561cff1f0
0x000000e561cff178:   00007ff8c73c818e 000001f69cdbc9d0
0x000000e561cff188:   000001f6597497a0 00000000000000b2
0x000000e561cff198:   000001f69cdbc878 00000000000000b2
0x000000e561cff1a8:   00007ff8c79013f5 00000000000000b2
0x000000e561cff1b8:   000000e561cff229 00000000000000b2
0x000000e561cff1c8:   0000000000000010 000001f69cdc31a8
0x000000e561cff1d8:   000001f69cdc2d28 000001f69cdbc9d0
0x000000e561cff1e8:   000001f6593ec4a0 000001f69cdbc9d0
0x000000e561cff1f8:   000001f6593ec4a0 0000000300000000
0x000000e561cff208:   000000b200000016 0000000000000000
0x000000e561cff218:   00007ff8000000b2 000001f69ccaaa10
0x000000e561cff228:   000001f6593ec4a0 0000000300000000
0x000000e561cff238:   000000b200000016 0000000000000000
0x000000e561cff248:   00000000000000b2 000001f6593f8138
0x000000e561cff258:   0000000000000001 0000000000000002
0x000000e561cff268:   0000000000000010 000001f69ccaaa10
0x000000e561cff278:   0000000000000001 000000e5626ff2a0
0x000000e561cff288:   00007ff8c781b4d2 000001f69cdbc9d0
0x000000e561cff298:   000001f69cdc31a8 000001f69cdc2d28
0x000000e561cff2a8:   000001f69ccaaa40 0000000000000000
0x000000e561cff2b8:   0000000000000000 00007ff8c78fb050
0x000000e561cff2c8:   00007ff8c78173b9 0000000000000000
0x000000e561cff2d8:   000001f65b4501e8 000001f6593ec4a0
0x000000e561cff2e8:   000000e5626ff2a0 0000000000000000
0x000000e561cff2f8:   0000000000000018 000000e561cff3d9 

Instructions: (pc=0x00007ff8c74ef0c1)
0x00007ff8c74eefc1:   48 89 44 24 20 41 b8 6b 03 00 00 eb 4b 4d 85 c0
0x00007ff8c74eefd1:   74 3b 4c 8b 4c 24 30 48 8d 4c 24 38 48 8b d7 44
0x00007ff8c74eefe1:   89 6c 24 20 e8 d6 75 09 00 48 8b 44 24 38 48 8d
0x00007ff8c74eeff1:   15 0a 3f 75 00 4c 8b cd 48 89 44 24 20 41 b8 70
0x00007ff8c74ef001:   03 00 00 48 8b cf e8 d4 65 09 00 eb 1d 4c 89 6c
0x00007ff8c74ef011:   24 20 41 b8 72 03 00 00 4c 8b cd 48 8d 15 dd 3e
0x00007ff8c74ef021:   75 00 48 8b cf e8 45 67 09 00 4c 39 2e 74 13 49
0x00007ff8c74ef031:   8b d4 48 8b cb e8 45 66 e5 ff 48 8b ce e8 1d 66
0x00007ff8c74ef041:   e5 ff 4c 39 73 18 74 0c 48 89 73 10 4c 89 73 18
0x00007ff8c74ef051:   4c 89 7b 20 48 8b 9c 24 80 00 00 00 48 83 c4 40
0x00007ff8c74ef061:   41 5f 41 5e 41 5d 41 5c 5f 5e 5d c3 cc cc cc 41
0x00007ff8c74ef071:   81 c0 4e ff ff ff 4c 8b c9 41 83 f8 37 77 36 49
0x00007ff8c74ef081:   63 c0 48 8d 0d 76 0f d9 ff 0f b6 84 01 d8 f0 26
0x00007ff8c74ef091:   00 44 8b 84 81 cc f0 26 00 4c 03 c1 41 ff e0 49
0x00007ff8c74ef0a1:   8b 41 10 f7 d2 48 63 d2 48 03 d2 48 8b 48 28 0f
0x00007ff8c74ef0b1:   b7 44 d1 12 c3 49 8b 41 10 48 63 ca 48 c1 e1 05
0x00007ff8c74ef0c1:   48 8b 4c 01 38 0f b7 c1 c3 66 90 b6 f0 26 00 a0
0x00007ff8c74ef0d1:   f0 26 00 b6 f0 26 00 00 00 00 00 00 00 00 00 01
0x00007ff8c74ef0e1:   02 02 02 02 02 02 02 02 02 02 02 02 02 02 02 02
0x00007ff8c74ef0f1:   02 02 02 02 02 02 02 02 02 02 02 02 02 02 02 02
0x00007ff8c74ef101:   02 02 02 02 02 02 02 02 02 02 02 02 02 02 00 48
0x00007ff8c74ef111:   89 5c 24 18 55 56 57 41 54 41 55 41 56 41 57 b8
0x00007ff8c74ef121:   40 13 00 00 e8 26 84 68 00 48 2b e0 48 8b 05 14
0x00007ff8c74ef131:   b9 97 00 48 33 c4 48 89 84 24 30 13 00 00 65 48
0x00007ff8c74ef141:   8b 04 25 58 00 00 00 4c 8b e2 8b 15 17 1a a0 00
0x00007ff8c74ef151:   48 8b f9 b9 70 00 00 00 48 8b 1c d0 80 3c 19 00
0x00007ff8c74ef161:   75 0a e8 28 7c 68 00 b9 70 00 00 00 b8 20 00 00
0x00007ff8c74ef171:   00 45 33 f6 41 bd ff ff ff ff 48 8b 04 18 48 8b
0x00007ff8c74ef181:   b0 18 03 00 00 48 8b 46 20 48 8b 6e 10 4c 8b 7e
0x00007ff8c74ef191:   18 48 89 44 24 38 48 8b 46 28 48 89 44 24 30 44
0x00007ff8c74ef1a1:   38 34 19 75 0a e8 e5 7b 68 00 b9 70 00 00 00 b8
0x00007ff8c74ef1b1:   20 00 00 00 48 8b 04 18 48 8b 80 98 03 00 00 48 


Stack slot to memory mapping:

stack at sp + 0 slots: 0x00007ff8c74ecc52 jvm.dll
stack at sp + 1 slots: 0x0 is null
stack at sp + 2 slots: 0x000001f637e021c0 points into unknown readable memory: 0x000001f637e00d20 | 20 0d e0 37 f6 01 00 00
stack at sp + 3 slots: 0x000001f637e00000 points into unknown readable memory: 0x0000000000000000 | 00 00 00 00 00 00 00 00
stack at sp + 4 slots: 0x00007ff8c793cbb7 jvm.dll
stack at sp + 5 slots: 0x00000000000000b2 is an unknown value
stack at sp + 6 slots: 0x00007ff8c7900928 jvm.dll
stack at sp + 7 slots: 0x0000000000000001 is an unknown value

VM_Operation (0x000000e5626ff2a0): RedefineClasses, mode: safepoint, requested by thread 0x000001f659726f00, redefining class com.sat.tmf.tkt.tktbooking.controller.UserController



---------------  P R O C E S S  ---------------

Threads class SMR info:
_java_thread_list=0x000001f6a29ca5f0, length=29, elements={
0x000001f65940a1c0, 0x000001f65940b560, 0x000001f65940cb80, 0x000001f65940d5d0,
0x000001f659410980, 0x000001f659414f80, 0x000001f65941efb0, 0x000001f659422160,
0x000001f659631940, 0x000001f659726f00, 0x000001f659721a10, 0x000001f659722090,
0x000001f65994dfd0, 0x000001f6a277cbe0, 0x000001f6a277df90, 0x000001f6a277d270,
0x000001f6a277e620, 0x000001f6a277b1a0, 0x000001f6a277d900, 0x000001f6a277b830,
0x000001f6a277c550, 0x000001f6a133cd40, 0x000001f6a133c6b0, 0x000001f6a1339f50,
0x000001f6a133f4a0, 0x000001f6a1339230, 0x000001f6a13398c0, 0x000001f6a133b300,
0x000001f6a133fb30
}

Java Threads: ( => current thread )
  0x000001f65940a1c0 JavaThread "Reference Handler"          daemon [_thread_blocked, id=8524, stack(0x000000e561d00000,0x000000e561e00000) (1024K)]
  0x000001f65940b560 JavaThread "Finalizer"                  daemon [_thread_blocked, id=7912, stack(0x000000e561e00000,0x000000e561f00000) (1024K)]
  0x000001f65940cb80 JavaThread "Signal Dispatcher"          daemon [_thread_blocked, id=10012, stack(0x000000e561f00000,0x000000e562000000) (1024K)]
  0x000001f65940d5d0 JavaThread "Attach Listener"            daemon [_thread_blocked, id=14648, stack(0x000000e562000000,0x000000e562100000) (1024K)]
  0x000001f659410980 JavaThread "Service Thread"             daemon [_thread_blocked, id=7864, stack(0x000000e562100000,0x000000e562200000) (1024K)]
  0x000001f659414f80 JavaThread "Monitor Deflation Thread"   daemon [_thread_blocked, id=13920, stack(0x000000e562200000,0x000000e562300000) (1024K)]
  0x000001f65941efb0 JavaThread "C2 CompilerThread0"         daemon [_thread_blocked, id=13984, stack(0x000000e562300000,0x000000e562400000) (1024K)]
  0x000001f659422160 JavaThread "C1 CompilerThread0"         daemon [_thread_blocked, id=18428, stack(0x000000e562400000,0x000000e562500000) (1024K)]
  0x000001f659631940 JavaThread "Common-Cleaner"             daemon [_thread_blocked, id=10512, stack(0x000000e562500000,0x000000e562600000) (1024K)]
  0x000001f659726f00 JavaThread "JDWP Transport Listener: dt_socket" daemon [_thread_blocked, id=10076, stack(0x000000e562600000,0x000000e562700000) (1024K)]
  0x000001f659721a10 JavaThread "JDWP Event Helper Thread"   daemon [_thread_blocked, id=13464, stack(0x000000e562700000,0x000000e562800000) (1024K)]
  0x000001f659722090 JavaThread "JDWP Command Reader"        daemon [_thread_in_native, id=4264, stack(0x000000e562800000,0x000000e562900000) (1024K)]
  0x000001f65994dfd0 JavaThread "Notification Thread"        daemon [_thread_blocked, id=6708, stack(0x000000e562a00000,0x000000e562b00000) (1024K)]
  0x000001f6a277cbe0 JavaThread "Catalina-utility-1"                [_thread_blocked, id=14576, stack(0x000000e563700000,0x000000e563800000) (1024K)]
  0x000001f6a277df90 JavaThread "Catalina-utility-2"                [_thread_blocked, id=3580, stack(0x000000e563800000,0x000000e563900000) (1024K)]
  0x000001f6a277d270 JavaThread "container-0"                       [_thread_blocked, id=12024, stack(0x000000e563900000,0x000000e563a00000) (1024K)]
  0x000001f6a277e620 JavaThread "http-nio-8080-exec-1"       daemon [_thread_blocked, id=9740, stack(0x000000e563a00000,0x000000e563b00000) (1024K)]
  0x000001f6a277b1a0 JavaThread "http-nio-8080-exec-2"       daemon [_thread_blocked, id=15148, stack(0x000000e563b00000,0x000000e563c00000) (1024K)]
  0x000001f6a277d900 JavaThread "http-nio-8080-exec-3"       daemon [_thread_blocked, id=14444, stack(0x000000e563c00000,0x000000e563d00000) (1024K)]
  0x000001f6a277b830 JavaThread "http-nio-8080-exec-4"       daemon [_thread_blocked, id=11376, stack(0x000000e563d00000,0x000000e563e00000) (1024K)]
  0x000001f6a277c550 JavaThread "http-nio-8080-exec-5"       daemon [_thread_blocked, id=15260, stack(0x000000e563e00000,0x000000e563f00000) (1024K)]
  0x000001f6a133cd40 JavaThread "http-nio-8080-exec-6"       daemon [_thread_blocked, id=10436, stack(0x000000e563f00000,0x000000e564000000) (1024K)]
  0x000001f6a133c6b0 JavaThread "http-nio-8080-exec-7"       daemon [_thread_blocked, id=3364, stack(0x000000e564000000,0x000000e564100000) (1024K)]
  0x000001f6a1339f50 JavaThread "http-nio-8080-exec-8"       daemon [_thread_blocked, id=17616, stack(0x000000e564100000,0x000000e564200000) (1024K)]
  0x000001f6a133f4a0 JavaThread "http-nio-8080-exec-9"       daemon [_thread_blocked, id=13016, stack(0x000000e564200000,0x000000e564300000) (1024K)]
  0x000001f6a1339230 JavaThread "http-nio-8080-exec-10"      daemon [_thread_blocked, id=18112, stack(0x000000e564300000,0x000000e564400000) (1024K)]
  0x000001f6a13398c0 JavaThread "http-nio-8080-Poller"       daemon [_thread_blocked, id=8764, stack(0x000000e564400000,0x000000e564500000) (1024K)]
  0x000001f6a133b300 JavaThread "http-nio-8080-Acceptor"     daemon [_thread_in_native, id=15464, stack(0x000000e564500000,0x000000e564600000) (1024K)]
  0x000001f6a133fb30 JavaThread "DestroyJavaVM"                     [_thread_blocked, id=10808, stack(0x000000e561500000,0x000000e561600000) (1024K)]
Total: 29

Other Threads:
=>0x000001f6593ec4a0 VMThread "VM Thread"                           [id=14624, stack(0x000000e561c00000,0x000000e561d00000) (1024K)]
  0x000001f6593d7a20 WatcherThread "VM Periodic Task Thread"        [id=13488, stack(0x000000e561b00000,0x000000e561c00000) (1024K)]
  0x000001f639f23bc0 WorkerThread "GC Thread#0"                     [id=1944, stack(0x000000e561600000,0x000000e561700000) (1024K)]
  0x000001f69f7669c0 WorkerThread "GC Thread#1"                     [id=15036, stack(0x000000e562b00000,0x000000e562c00000) (1024K)]
  0x000001f69f766d60 WorkerThread "GC Thread#2"                     [id=6864, stack(0x000000e562c00000,0x000000e562d00000) (1024K)]
  0x000001f69f767100 WorkerThread "GC Thread#3"                     [id=15024, stack(0x000000e562d00000,0x000000e562e00000) (1024K)]
  0x000001f69f448650 WorkerThread "GC Thread#4"                     [id=9788, stack(0x000000e562e00000,0x000000e562f00000) (1024K)]
  0x000001f69f4489f0 WorkerThread "GC Thread#5"                     [id=10944, stack(0x000000e562f00000,0x000000e563000000) (1024K)]
  0x000001f69f4495a0 WorkerThread "GC Thread#6"                     [id=4676, stack(0x000000e563000000,0x000000e563100000) (1024K)]
  0x000001f69f644a10 WorkerThread "GC Thread#7"                     [id=7392, stack(0x000000e563100000,0x000000e563200000) (1024K)]
  0x000001f6a0321ea0 WorkerThread "GC Thread#8"                     [id=12496, stack(0x000000e563300000,0x000000e563400000) (1024K)]
  0x000001f6a0322240 WorkerThread "GC Thread#9"                     [id=7216, stack(0x000000e563400000,0x000000e563500000) (1024K)]
  0x000001f639f34e50 ConcurrentGCThread "G1 Main Marker"            [id=15252, stack(0x000000e561700000,0x000000e561800000) (1024K)]
  0x000001f639f360b0 WorkerThread "G1 Conc#0"                       [id=14064, stack(0x000000e561800000,0x000000e561900000) (1024K)]
  0x000001f6a03213c0 WorkerThread "G1 Conc#1"                       [id=4912, stack(0x000000e563500000,0x000000e563600000) (1024K)]
  0x000001f6a0321760 WorkerThread "G1 Conc#2"                       [id=14252, stack(0x000000e563600000,0x000000e563700000) (1024K)]
  0x000001f6592a91d0 ConcurrentGCThread "G1 Refine#0"               [id=3636, stack(0x000000e561900000,0x000000e561a00000) (1024K)]
  0x000001f6592a9600 ConcurrentGCThread "G1 Service"                [id=12124, stack(0x000000e561a00000,0x000000e561b00000) (1024K)]
Total: 18

Threads with active compile tasks:
Total: 0

VM state: at safepoint (normal execution)

VM Mutex/Monitor currently owned by a thread:  ([mutex/lock_event])
[0x00007ff8c7ec0e50] Threads_lock - owner thread: 0x000001f6593ec4a0

Heap address: 0x0000000703600000, size: 4042 MB, Compressed Oops mode: Zero based, Oop shift amount: 3

CDS archive(s) mapped at: [0x000001f65a000000-0x000001f65ac90000-0x000001f65ac90000), size 13172736, SharedBaseAddress: 0x000001f65a000000, ArchiveRelocationMode: 1.
Compressed class space mapped at: 0x000001f65b000000-0x000001f69b000000, reserved size: 1073741824
Narrow klass base: 0x000001f65a000000, Narrow klass shift: 0, Narrow klass range: 0x100000000

GC Precious Log:
 CardTable entry size: 512
 Card Set container configuration: InlinePtr #cards 4 size 8 Array Of Cards #cards 16 size 48 Howl #buckets 8 coarsen threshold 3686 Howl Bitmap #cards 512 size 80 coarsen threshold 460 Card regions per heap region 1 cards per card region 4096
 CPUs: 12 total, 12 available
 Memory: 16165M
 Large Page Support: Disabled
 NUMA Support: Disabled
 Compressed Oops: Enabled (Zero based)
 Heap Region Size: 2M
 Heap Min Capacity: 8M
 Heap Initial Capacity: 254M
 Heap Max Capacity: 4042M
 Pre-touch: Disabled
 Parallel Workers: 10
 Concurrent Workers: 3
 Concurrent Refinement Workers: 10
 Periodic GC: Disabled

Heap:
 garbage-first heap   total 86016K, used 22888K [0x0000000703600000, 0x0000000800000000)
  region size 2048K, 6 young (12288K), 2 survivors (4096K)
 Metaspace       used 33667K, committed 34304K, reserved 1114112K
  class space    used 4111K, committed 4416K, reserved 1048576K

Heap Regions: E=young(eden), S=young(survivor), O=old, HS=humongous(starts), HC=humongous(continues), CS=collection set, F=free, TAMS=top-at-mark-start, PB=parsable bottom
|   0|0x0000000703600000, 0x0000000703800000, 0x0000000703800000|100%| O|  |TAMS 0x0000000703600000| PB 0x0000000703600000| Untracked 
|   1|0x0000000703800000, 0x0000000703a00000, 0x0000000703a00000|100%| O|  |TAMS 0x0000000703800000| PB 0x0000000703800000| Untracked 
|   2|0x0000000703a00000, 0x0000000703ac2f08, 0x0000000703c00000| 38%| O|  |TAMS 0x0000000703a00000| PB 0x0000000703a00000| Untracked 
|   3|0x0000000703c00000, 0x0000000703e00000, 0x0000000703e00000|100%| O|  |TAMS 0x0000000703c00000| PB 0x0000000703c00000| Untracked 
|   4|0x0000000703e00000, 0x0000000704000000, 0x0000000704000000|100%| O|  |TAMS 0x0000000703e00000| PB 0x0000000703e00000| Untracked 
|   5|0x0000000704000000, 0x0000000704200000, 0x0000000704200000|100%| O|  |TAMS 0x0000000704000000| PB 0x0000000704000000| Untracked 
|   6|0x0000000704200000, 0x0000000704400000, 0x0000000704400000|100%| O|  |TAMS 0x0000000704200000| PB 0x0000000704200000| Untracked 
|   7|0x0000000704400000, 0x0000000704400000, 0x0000000704600000|  0%| F|  |TAMS 0x0000000704400000| PB 0x0000000704400000| Untracked 
|   8|0x0000000704600000, 0x0000000704600000, 0x0000000704800000|  0%| F|  |TAMS 0x0000000704600000| PB 0x0000000704600000| Untracked 
|   9|0x0000000704800000, 0x0000000704800000, 0x0000000704a00000|  0%| F|  |TAMS 0x0000000704800000| PB 0x0000000704800000| Untracked 
|  10|0x0000000704a00000, 0x0000000704a00000, 0x0000000704c00000|  0%| F|  |TAMS 0x0000000704a00000| PB 0x0000000704a00000| Untracked 
|  11|0x0000000704c00000, 0x0000000704c00000, 0x0000000704e00000|  0%| F|  |TAMS 0x0000000704c00000| PB 0x0000000704c00000| Untracked 
|  12|0x0000000704e00000, 0x0000000704e00000, 0x0000000705000000|  0%| F|  |TAMS 0x0000000704e00000| PB 0x0000000704e00000| Untracked 
|  13|0x0000000705000000, 0x0000000705000000, 0x0000000705200000|  0%| F|  |TAMS 0x0000000705000000| PB 0x0000000705000000| Untracked 
|  14|0x0000000705200000, 0x0000000705200000, 0x0000000705400000|  0%| F|  |TAMS 0x0000000705200000| PB 0x0000000705200000| Untracked 
|  15|0x0000000705400000, 0x00000007055973b0, 0x0000000705600000| 79%| S|CS|TAMS 0x0000000705400000| PB 0x0000000705400000| Complete 
|  16|0x0000000705600000, 0x0000000705800000, 0x0000000705800000|100%| S|CS|TAMS 0x0000000705600000| PB 0x0000000705600000| Complete 
|  17|0x0000000705800000, 0x0000000705800000, 0x0000000705a00000|  0%| F|  |TAMS 0x0000000705800000| PB 0x0000000705800000| Untracked 
|  18|0x0000000705a00000, 0x0000000705a00000, 0x0000000705c00000|  0%| F|  |TAMS 0x0000000705a00000| PB 0x0000000705a00000| Untracked 
|  19|0x0000000705c00000, 0x0000000705c00000, 0x0000000705e00000|  0%| F|  |TAMS 0x0000000705c00000| PB 0x0000000705c00000| Untracked 
|  20|0x0000000705e00000, 0x0000000705e00000, 0x0000000706000000|  0%| F|  |TAMS 0x0000000705e00000| PB 0x0000000705e00000| Untracked 
|  21|0x0000000706000000, 0x0000000706000000, 0x0000000706200000|  0%| F|  |TAMS 0x0000000706000000| PB 0x0000000706000000| Untracked 
|  22|0x0000000706200000, 0x0000000706200000, 0x0000000706400000|  0%| F|  |TAMS 0x0000000706200000| PB 0x0000000706200000| Untracked 
|  23|0x0000000706400000, 0x0000000706400000, 0x0000000706600000|  0%| F|  |TAMS 0x0000000706400000| PB 0x0000000706400000| Untracked 
|  24|0x0000000706600000, 0x0000000706600000, 0x0000000706800000|  0%| F|  |TAMS 0x0000000706600000| PB 0x0000000706600000| Untracked 
|  25|0x0000000706800000, 0x0000000706800000, 0x0000000706a00000|  0%| F|  |TAMS 0x0000000706800000| PB 0x0000000706800000| Untracked 
|  26|0x0000000706a00000, 0x0000000706a00000, 0x0000000706c00000|  0%| F|  |TAMS 0x0000000706a00000| PB 0x0000000706a00000| Untracked 
|  27|0x0000000706c00000, 0x0000000706c00000, 0x0000000706e00000|  0%| F|  |TAMS 0x0000000706c00000| PB 0x0000000706c00000| Untracked 
|  28|0x0000000706e00000, 0x0000000706e00000, 0x0000000707000000|  0%| F|  |TAMS 0x0000000706e00000| PB 0x0000000706e00000| Untracked 
|  29|0x0000000707000000, 0x0000000707000000, 0x0000000707200000|  0%| F|  |TAMS 0x0000000707000000| PB 0x0000000707000000| Untracked 
|  30|0x0000000707200000, 0x0000000707200000, 0x0000000707400000|  0%| F|  |TAMS 0x0000000707200000| PB 0x0000000707200000| Untracked 
|  31|0x0000000707400000, 0x0000000707400000, 0x0000000707600000|  0%| F|  |TAMS 0x0000000707400000| PB 0x0000000707400000| Untracked 
|  32|0x0000000707600000, 0x0000000707600000, 0x0000000707800000|  0%| F|  |TAMS 0x0000000707600000| PB 0x0000000707600000| Untracked 
|  33|0x0000000707800000, 0x0000000707800000, 0x0000000707a00000|  0%| F|  |TAMS 0x0000000707800000| PB 0x0000000707800000| Untracked 
|  34|0x0000000707a00000, 0x0000000707a00000, 0x0000000707c00000|  0%| F|  |TAMS 0x0000000707a00000| PB 0x0000000707a00000| Untracked 
|  35|0x0000000707c00000, 0x0000000707c00000, 0x0000000707e00000|  0%| F|  |TAMS 0x0000000707c00000| PB 0x0000000707c00000| Untracked 
|  99|0x000000070fc00000, 0x000000070fc00000, 0x000000070fe00000|  0%| F|  |TAMS 0x000000070fc00000| PB 0x000000070fc00000| Untracked 
| 100|0x000000070fe00000, 0x000000070fe00000, 0x0000000710000000|  0%| F|  |TAMS 0x000000070fe00000| PB 0x000000070fe00000| Untracked 
| 101|0x0000000710000000, 0x0000000710158ef0, 0x0000000710200000| 67%| E|  |TAMS 0x0000000710000000| PB 0x0000000710000000| Complete 
| 102|0x0000000710200000, 0x0000000710400000, 0x0000000710400000|100%| E|CS|TAMS 0x0000000710200000| PB 0x0000000710200000| Complete 
| 125|0x0000000713000000, 0x0000000713200000, 0x0000000713200000|100%| E|CS|TAMS 0x0000000713000000| PB 0x0000000713000000| Complete 
| 126|0x0000000713200000, 0x0000000713400000, 0x0000000713400000|100%| E|CS|TAMS 0x0000000713200000| PB 0x0000000713200000| Complete 

Card table byte_map: [0x000001f652090000,0x000001f652880000] _byte_map_base: 0x000001f64e875000

Marking Bits: (CMBitMap*) 0x000001f639f248e0
 Bits: [0x000001f652880000, 0x000001f6567a8000)

Polling page: 0x000001f637b20000

Metaspace:

Usage:
  Non-class:     28.86 MB used.
      Class:      4.01 MB used.
       Both:     32.88 MB used.

Virtual space:
  Non-class space:       64.00 MB reserved,      29.19 MB ( 46%) committed,  1 nodes.
      Class space:        1.00 GB reserved,       4.31 MB ( <1%) committed,  1 nodes.
             Both:        1.06 GB reserved,      33.50 MB (  3%) committed. 

Chunk freelists:
   Non-Class:  2.23 MB
       Class:  11.67 MB
        Both:  13.91 MB

MaxMetaspaceSize: unlimited
CompressedClassSpaceSize: 1.00 GB
Initial GC threshold: 21.00 MB
Current GC threshold: 35.12 MB
CDS: on
 - commit_granule_bytes: 65536.
 - commit_granule_words: 8192.
 - virtual_space_node_default_size: 8388608.
 - enlarge_chunks_in_place: 1.
 - use_allocation_guard: 0.


Internal statistics:

num_allocs_failed_limit: 3.
num_arena_births: 796.
num_arena_deaths: 0.
num_vsnodes_births: 2.
num_vsnodes_deaths: 0.
num_space_committed: 536.
num_space_uncommitted: 0.
num_chunks_returned_to_freelist: 3.
num_chunks_taken_from_freelist: 2032.
num_chunk_merges: 3.
num_chunk_splits: 1332.
num_chunks_enlarged: 919.
num_inconsistent_stats: 0.

CodeHeap 'non-profiled nmethods': size=120000Kb used=2880Kb max_used=2880Kb free=117119Kb
 bounds [0x000001f649e20000, 0x000001f64a100000, 0x000001f651350000]
CodeHeap 'profiled nmethods': size=120000Kb used=9116Kb max_used=9116Kb free=110883Kb
 bounds [0x000001f642350000, 0x000001f642c40000, 0x000001f649880000]
CodeHeap 'non-nmethods': size=5760Kb used=1570Kb max_used=1681Kb free=4189Kb
 bounds [0x000001f649880000, 0x000001f649af0000, 0x000001f649e20000]
 total_blobs=5016 nmethods=4437 adapters=483
 compilation: enabled
              stopped_count=0, restarted_count=0
 full_count=0

Compilation events (20 events):
Event: 2624.067 Thread 0x000001f659422160 4430       3       java.util.TreeMap::rotateRight (96 bytes)
Event: 2624.068 Thread 0x000001f659422160 nmethod 4430 0x000001f642c36290 code [0x000001f642c36460, 0x000001f642c369c8]
Event: 2679.428 Thread 0x000001f65941efb0 4431       4       java.util.Collections$UnmodifiableCollection$1::hasNext (10 bytes)
Event: 2679.429 Thread 0x000001f65941efb0 nmethod 4431 0x000001f64a0ebc90 code [0x000001f64a0ebe20, 0x000001f64a0ebed8]
Event: 2681.443 Thread 0x000001f65941efb0 4432   !   4       java.lang.Thread::blockedOn (27 bytes)
Event: 2681.446 Thread 0x000001f65941efb0 nmethod 4432 0x000001f64a0ebf90 code [0x000001f64a0ec120, 0x000001f64a0ec408]
Event: 2693.550 Thread 0x000001f65941efb0 4433   !   4       sun.nio.ch.SelectorImpl::processDeregisterQueue (145 bytes)
Event: 2693.556 Thread 0x000001f65941efb0 nmethod 4433 0x000001f64a0ec510 code [0x000001f64a0ec780, 0x000001f64a0ed1b0]
Event: 2697.559 Thread 0x000001f65941efb0 4434   !   4       org.apache.tomcat.util.net.NioEndpoint$Poller::events (275 bytes)
Event: 2697.567 Thread 0x000001f65941efb0 nmethod 4434 0x000001f64a0ed890 code [0x000001f64a0edb60, 0x000001f64a0ee508]
Event: 3054.408 Thread 0x000001f65941efb0 4435       4       java.util.concurrent.locks.AbstractQueuedSynchronizer::acquireShared (20 bytes)
Event: 3054.411 Thread 0x000001f65941efb0 nmethod 4435 0x000001f64a0eed90 code [0x000001f64a0eef40, 0x000001f64a0ef238]
Event: 3124.460 Thread 0x000001f65941efb0 4436       4       java.util.concurrent.locks.ReentrantReadWriteLock$Sync::tryReleaseShared (146 bytes)
Event: 3124.462 Thread 0x000001f65941efb0 nmethod 4436 0x000001f64a0ef410 code [0x000001f64a0ef5a0, 0x000001f64a0ef788]
Event: 3494.757 Thread 0x000001f65941efb0 4437       4       java.util.concurrent.locks.LockSupport::unpark (26 bytes)
Event: 3494.758 Thread 0x000001f65941efb0 nmethod 4437 0x000001f64a0ef910 code [0x000001f64a0efaa0, 0x000001f64a0efb88]
Event: 3514.780 Thread 0x000001f65941efb0 4438       4       java.util.HashMap::valuesToArray (81 bytes)
Event: 3514.786 Thread 0x000001f65941efb0 nmethod 4438 0x000001f64a0efc90 code [0x000001f64a0efe20, 0x000001f64a0f0188]
Event: 3542.604 Thread 0x000001f659422160 4439   !   3       java.util.concurrent.locks.LockSupport::park (47 bytes)
Event: 3542.605 Thread 0x000001f659422160 nmethod 4439 0x000001f642c36b10 code [0x000001f642c36d20, 0x000001f642c37138]

GC Heap History (14 events):
Event: 0.534 GC heap before
{Heap before GC invocations=0 (full 0):
 garbage-first heap   total 260096K, used 22528K [0x0000000703600000, 0x0000000800000000)
  region size 2048K, 11 young (22528K), 0 survivors (0K)
 Metaspace       used 4858K, committed 5120K, reserved 1114112K
  class space    used 455K, committed 576K, reserved 1048576K
}
Event: 0.537 GC heap after
{Heap after GC invocations=1 (full 0):
 garbage-first heap   total 260096K, used 5129K [0x0000000703600000, 0x0000000800000000)
  region size 2048K, 2 young (4096K), 2 survivors (4096K)
 Metaspace       used 4858K, committed 5120K, reserved 1114112K
  class space    used 455K, committed 576K, reserved 1048576K
}
Event: 0.837 GC heap before
{Heap before GC invocations=1 (full 0):
 garbage-first heap   total 260096K, used 37897K [0x0000000703600000, 0x0000000800000000)
  region size 2048K, 18 young (36864K), 2 survivors (4096K)
 Metaspace       used 8985K, committed 9216K, reserved 1114112K
  class space    used 974K, committed 1088K, reserved 1048576K
}
Event: 0.841 GC heap after
{Heap after GC invocations=2 (full 0):
 garbage-first heap   total 260096K, used 6587K [0x0000000703600000, 0x0000000800000000)
  region size 2048K, 1 young (2048K), 1 survivors (2048K)
 Metaspace       used 8985K, committed 9216K, reserved 1114112K
  class space    used 974K, committed 1088K, reserved 1048576K
}
Event: 1.210 GC heap before
{Heap before GC invocations=2 (full 0):
 garbage-first heap   total 260096K, used 80315K [0x0000000703600000, 0x0000000800000000)
  region size 2048K, 37 young (75776K), 1 survivors (2048K)
 Metaspace       used 16454K, committed 16832K, reserved 1114112K
  class space    used 1953K, committed 2112K, reserved 1048576K
}
Event: 1.214 GC heap after
{Heap after GC invocations=3 (full 0):
 garbage-first heap   total 260096K, used 9119K [0x0000000703600000, 0x0000000800000000)
  region size 2048K, 2 young (4096K), 2 survivors (4096K)
 Metaspace       used 16454K, committed 16832K, reserved 1114112K
  class space    used 1953K, committed 2112K, reserved 1048576K
}
Event: 1.516 GC heap before
{Heap before GC invocations=3 (full 0):
 garbage-first heap   total 260096K, used 56223K [0x0000000703600000, 0x0000000800000000)
  region size 2048K, 26 young (53248K), 2 survivors (4096K)
 Metaspace       used 21098K, committed 21504K, reserved 1114112K
  class space    used 2504K, committed 2688K, reserved 1048576K
}
Event: 1.520 GC heap after
{Heap after GC invocations=4 (full 0):
 garbage-first heap   total 260096K, used 11376K [0x0000000703600000, 0x0000000800000000)
  region size 2048K, 4 young (8192K), 4 survivors (8192K)
 Metaspace       used 21098K, committed 21504K, reserved 1114112K
  class space    used 2504K, committed 2688K, reserved 1048576K
}
Event: 1.947 GC heap before
{Heap before GC invocations=5 (full 0):
 garbage-first heap   total 61440K, used 58480K [0x0000000703600000, 0x0000000800000000)
  region size 2048K, 27 young (55296K), 4 survivors (8192K)
 Metaspace       used 25379K, committed 25856K, reserved 1114112K
  class space    used 3071K, committed 3264K, reserved 1048576K
}
Event: 1.953 GC heap after
{Heap after GC invocations=6 (full 0):
 garbage-first heap   total 71680K, used 13963K [0x0000000703600000, 0x0000000800000000)
  region size 2048K, 5 young (10240K), 5 survivors (10240K)
 Metaspace       used 25379K, committed 25856K, reserved 1114112K
  class space    used 3071K, committed 3264K, reserved 1048576K
}
Event: 2.270 GC heap before
{Heap before GC invocations=6 (full 0):
 garbage-first heap   total 71680K, used 46731K [0x0000000703600000, 0x0000000800000000)
  region size 2048K, 21 young (43008K), 5 survivors (10240K)
 Metaspace       used 28968K, committed 29504K, reserved 1114112K
  class space    used 3521K, committed 3776K, reserved 1048576K
}
Event: 2.275 GC heap after
{Heap after GC invocations=7 (full 0):
 garbage-first heap   total 71680K, used 15350K [0x0000000703600000, 0x0000000800000000)
  region size 2048K, 3 young (6144K), 3 survivors (6144K)
 Metaspace       used 28968K, committed 29504K, reserved 1114112K
  class space    used 3521K, committed 3776K, reserved 1048576K
}
Event: 126.328 GC heap before
{Heap before GC invocations=7 (full 0):
 garbage-first heap   total 71680K, used 52214K [0x0000000703600000, 0x0000000800000000)
  region size 2048K, 21 young (43008K), 3 survivors (6144K)
 Metaspace       used 33014K, committed 33600K, reserved 1114112K
  class space    used 4033K, committed 4288K, reserved 1048576K
}
Event: 126.332 GC heap after
{Heap after GC invocations=8 (full 0):
 garbage-first heap   total 86016K, used 16744K [0x0000000703600000, 0x0000000800000000)
  region size 2048K, 2 young (4096K), 2 survivors (4096K)
 Metaspace       used 33014K, committed 33600K, reserved 1114112K
  class space    used 4033K, committed 4288K, reserved 1048576K
}

Dll operation events (13 events):
Event: 0.008 Loaded shared library C:\Program Files\Java\jdk-21\bin\java.dll
Event: 0.034 Loaded shared library C:\Program Files\Java\jdk-21\bin\jsvml.dll
Event: 0.195 Loaded shared library C:\Program Files\Java\jdk-21\bin\zip.dll
Event: 0.198 Loaded shared library C:\Program Files\Java\jdk-21\bin\instrument.dll
Event: 0.204 Loaded shared library C:\Program Files\Java\jdk-21\bin\net.dll
Event: 0.205 Loaded shared library C:\Program Files\Java\jdk-21\bin\nio.dll
Event: 0.207 Loaded shared library C:\Program Files\Java\jdk-21\bin\zip.dll
Event: 0.328 Loaded shared library C:\Program Files\Java\jdk-21\bin\jimage.dll
Event: 0.365 Loaded shared library C:\Program Files\Java\jdk-21\bin\verify.dll
Event: 1.295 Loaded shared library C:\Program Files\Java\jdk-21\bin\sunmscapi.dll
Event: 2.012 Loaded shared library C:\Program Files\Java\jdk-21\bin\management.dll
Event: 2.014 Loaded shared library C:\Program Files\Java\jdk-21\bin\management_ext.dll
Event: 2.423 Loaded shared library C:\Program Files\Java\jdk-21\bin\extnet.dll

Deoptimization events (20 events):
Event: 65.429 Thread 0x000001f6a277b830 DEOPT PACKING pc=0x000001f64253f1e4 sp=0x000000e563dfbc30
Event: 65.429 Thread 0x000001f6a277b830 DEOPT UNPACKING pc=0x000001f6498d4e42 sp=0x000000e563dfb0d8 mode 1
Event: 65.429 Thread 0x000001f6a277b830 DEOPT PACKING pc=0x000001f6425f256c sp=0x000000e563dfc6b0
Event: 65.429 Thread 0x000001f6a277b830 DEOPT UNPACKING pc=0x000001f6498d4e42 sp=0x000000e563dfbb78 mode 1
Event: 65.429 Thread 0x000001f6a277b830 DEOPT PACKING pc=0x000001f6425f208c sp=0x000000e563dfc740
Event: 65.429 Thread 0x000001f6a277b830 DEOPT UNPACKING pc=0x000001f6498d4e42 sp=0x000000e563dfbc18 mode 1
Event: 65.429 Thread 0x000001f6a277b830 DEOPT PACKING pc=0x000001f6425f256c sp=0x000000e563dfd3d0
Event: 65.429 Thread 0x000001f6a277b830 DEOPT UNPACKING pc=0x000001f6498d4e42 sp=0x000000e563dfc898 mode 1
Event: 65.429 Thread 0x000001f6a277b830 DEOPT PACKING pc=0x000001f6425f208c sp=0x000000e563dfd460
Event: 65.429 Thread 0x000001f6a277b830 DEOPT UNPACKING pc=0x000001f6498d4e42 sp=0x000000e563dfc920 mode 1
Event: 65.429 Thread 0x000001f6a277b830 DEOPT PACKING pc=0x000001f6428a1e2c sp=0x000000e563dfd4e0
Event: 65.429 Thread 0x000001f6a277b830 DEOPT UNPACKING pc=0x000001f6498d4e42 sp=0x000000e563dfca40 mode 1
Event: 1142.639 Thread 0x000001f6a277df90 Uncommon trap: trap_request=0xffffff45 fr.pc=0x000001f64a0e267c relative=0x00000000000000dc
Event: 1142.639 Thread 0x000001f6a277df90 Uncommon trap: reason=unstable_if action=reinterpret pc=0x000001f64a0e267c method=java.util.concurrent.ScheduledThreadPoolExecutor$ScheduledFutureTask.compareTo(Ljava/util/concurrent/Delayed;)I @ 40 c2
Event: 1142.639 Thread 0x000001f6a277df90 DEOPT PACKING pc=0x000001f64a0e267c sp=0x000000e5638ff230
Event: 1142.639 Thread 0x000001f6a277df90 DEOPT UNPACKING pc=0x000001f6498d46a2 sp=0x000000e5638ff1b8 mode 2
Event: 3524.788 Thread 0x000001f6a277cbe0 Uncommon trap: trap_request=0xffffff76 fr.pc=0x000001f64a0f00c8 relative=0x00000000000002a8
Event: 3524.788 Thread 0x000001f6a277cbe0 Uncommon trap: reason=predicate action=maybe_recompile pc=0x000001f64a0f00c8 method=java.util.HashMap.valuesToArray([Ljava/lang/Object;)[Ljava/lang/Object; @ 48 c2
Event: 3524.788 Thread 0x000001f6a277cbe0 DEOPT PACKING pc=0x000001f64a0f00c8 sp=0x000000e5637fee60
Event: 3524.788 Thread 0x000001f6a277cbe0 DEOPT UNPACKING pc=0x000001f6498d46a2 sp=0x000000e5637fee08 mode 2

Classes loaded (20 events):
Event: 2.678 Loading class java/io/PrintWriter$1
Event: 2.678 Loading class jdk/internal/access/JavaIOPrintWriterAccess
Event: 2.678 Loading class jdk/internal/access/JavaIOPrintWriterAccess done
Event: 2.678 Loading class java/io/PrintWriter$1 done
Event: 2.679 Loading class sun/nio/cs/ISO_8859_1$Encoder
Event: 2.679 Loading class sun/nio/cs/ISO_8859_1$Encoder done
Event: 2.679 Loading class sun/nio/cs/Surrogate$Parser
Event: 2.679 Loading class sun/nio/cs/Surrogate$Parser done
Event: 2.679 Loading class sun/nio/cs/Surrogate
Event: 2.679 Loading class sun/nio/cs/Surrogate done
Event: 2.679 Loading class java/nio/StringCharBuffer
Event: 2.679 Loading class java/nio/StringCharBuffer done
Event: 21.102 Loading class java/lang/invoke/MethodHandleImpl$CountingWrapper
Event: 21.102 Loading class java/lang/invoke/MethodHandleImpl$CountingWrapper done
Event: 65.424 Loading class java/util/ArrayList$SubList$2
Event: 65.424 Loading class java/util/ArrayList$SubList$2 done
Event: 126.355 Loading class java/util/OptionalLong
Event: 126.355 Loading class java/util/OptionalLong done
Event: 126.355 Loading class java/util/OptionalDouble
Event: 126.355 Loading class java/util/OptionalDouble done

Classes unloaded (0 events):
No events

Classes redefined (2 events):
Event: 186.685 Thread 0x000001f6593ec4a0 redefined class name=com.sat.tmf.tkt.tktbooking.controller.UserController, count=1
Event: 3605.167 Thread 0x000001f6593ec4a0 redefined class name=com.sat.tmf.tkt.tktbooking.controller.UserController, count=2

Internal exceptions (20 events):
Event: 2.026 Thread 0x000001f639ebbbb0 Exception <a 'java/io/FileNotFoundException'{0x000000070fe76b80}> (0x000000070fe76b80) 
thrown [s\open\src\hotspot\share\prims\jni.cpp, line 520]
Event: 2.066 Thread 0x000001f639ebbbb0 Exception <a 'java/lang/NoSuchMethodError'{0x0000000706518da8}: 'int java.lang.invoke.DirectMethodHandle$Holder.invokeInterface(java.lang.Object, java.lang.Object, java.lang.Object, java.lang.Object)'> (0x0000000706518da8) 
thrown [s\open\src\hotspot\share\interpreter\linkResolver.cpp, line 773]
Event: 2.102 Thread 0x000001f639ebbbb0 Exception <a 'java/lang/NoSuchMethodError'{0x00000007060d2428}: 'long java.lang.invoke.DirectMethodHandle$Holder.invokeVirtual(java.lang.Object, java.lang.Object)'> (0x00000007060d2428) 
thrown [s\open\src\hotspot\share\interpreter\linkResolver.cpp, line 773]
Event: 2.127 Thread 0x000001f639ebbbb0 Exception <a 'java/lang/NoSuchMethodError'{0x0000000705ee58b8}: 'void java.lang.invoke.DirectMethodHandle$Holder.invokeVirtual(java.lang.Object, java.lang.Object, long)'> (0x0000000705ee58b8) 
thrown [s\open\src\hotspot\share\interpreter\linkResolver.cpp, line 773]
Event: 2.168 Thread 0x000001f639ebbbb0 Exception <a 'java/lang/NoSuchMethodError'{0x0000000705db84d0}: 'java.lang.Object java.lang.invoke.DirectMethodHandle$Holder.newInvokeSpecial(java.lang.Object, java.lang.Object, java.lang.Object, java.lang.Object, java.lang.Object, java.lang.Object, java.lang.Object, java.lang.Object, java.lang.Object, java.lang.Object, java.lang.Object)'> (0x0000000705db84d0) 
thrown [s\open\src\hotspot\share\interpreter\linkResolver.cpp, line 773]
Event: 2.205 Thread 0x000001f639ebbbb0 Exception <a 'java/lang/NoSuchMethodError'{0x000000070587e698}: 'java.lang.Object java.lang.invoke.DirectMethodHandle$Holder.invokeVirtual(java.lang.Object, java.lang.Object, java.lang.Object, java.lang.Object)'> (0x000000070587e698) 
thrown [s\open\src\hotspot\share\interpreter\linkResolver.cpp, line 773]
Event: 2.222 Thread 0x000001f639ebbbb0 Exception <a 'java/lang/NoSuchMethodError'{0x000000070597b800}: 'java.lang.Object java.lang.invoke.DirectMethodHandle$Holder.invokeVirtual(java.lang.Object, java.lang.Object, java.lang.Object, int)'> (0x000000070597b800) 
thrown [s\open\src\hotspot\share\interpreter\linkResolver.cpp, line 773]
Event: 2.244 Thread 0x000001f639ebbbb0 Exception <a 'java/lang/NoSuchMethodError'{0x000000070548aaa8}: 'java.lang.Object java.lang.invoke.DirectMethodHandle$Holder.invokeVirtual(java.lang.Object, java.lang.Object, int)'> (0x000000070548aaa8) 
thrown [s\open\src\hotspot\share\interpreter\linkResolver.cpp, line 773]
Event: 2.313 Thread 0x000001f639ebbbb0 Exception <a 'java/lang/IncompatibleClassChangeError'{0x00000007102550b8}: Found class java.lang.Object, but interface was expected> (0x00000007102550b8) 
thrown [s\open\src\hotspot\share\interpreter\linkResolver.cpp, line 840]
Event: 2.369 Thread 0x000001f639ebbbb0 Exception <a 'java/lang/NoSuchMethodError'{0x0000000706ee5498}: 'int java.lang.invoke.DirectMethodHandle$Holder.invokeStaticInit(java.lang.Object, java.lang.Object, java.lang.Object, java.lang.Object)'> (0x0000000706ee5498) 
thrown [s\open\src\hotspot\share\interpreter\linkResolver.cpp, line 773]
Event: 2.416 Thread 0x000001f639ebbbb0 Exception <a 'java/lang/NoSuchMethodError'{0x0000000706ab5438}: 'java.lang.Object java.lang.invoke.DirectMethodHandle$Holder.newInvokeSpecial(java.lang.Object, java.lang.Object, int, java.lang.Object, java.lang.Object)'> (0x0000000706ab5438) 
thrown [s\open\src\hotspot\share\interpreter\linkResolver.cpp, line 773]
Event: 2.561 Thread 0x000001f6a133b300 Exception <a 'java/lang/NoSuchMethodError'{0x000000070673ea48}: 'java.lang.Object java.lang.invoke.DirectMethodHandle$Holder.invokeStatic(java.lang.Object, java.lang.Object, java.lang.Object, int, int)'> (0x000000070673ea48) 
thrown [s\open\src\hotspot\share\interpreter\linkResolver.cpp, line 773]
Event: 2.561 Thread 0x000001f6a133b300 Exception <a 'java/lang/NoSuchMethodError'{0x00000007067421f8}: 'java.lang.Object java.lang.invoke.DirectMethodHandle$Holder.invokeStaticInit(java.lang.Object, java.lang.Object, java.lang.Object, int, int)'> (0x00000007067421f8) 
thrown [s\open\src\hotspot\share\interpreter\linkResolver.cpp, line 773]
Event: 2.584 Thread 0x000001f6a277e620 Exception <a 'java/lang/NoSuchMethodError'{0x00000007062666e0}: 'java.lang.Object java.lang.invoke.DirectMethodHandle$Holder.invokeSpecial(java.lang.Object, java.lang.Object, java.lang.Object, java.lang.Object, java.lang.Object, long)'> (0x00000007062666e0) 
thrown [s\open\src\hotspot\share\interpreter\linkResolver.cpp, line 773]
Event: 2.584 Thread 0x000001f6a277e620 Exception <a 'java/lang/NoSuchMethodError'{0x0000000706269eb0}: 'java.lang.Object java.lang.invoke.Invokers$Holder.linkToTargetMethod(java.lang.Object, java.lang.Object, java.lang.Object, long, java.lang.Object)'> (0x0000000706269eb0) 
thrown [s\open\src\hotspot\share\interpreter\linkResolver.cpp, line 773]
Event: 21.101 Thread 0x000001f6a277b1a0 Exception <a 'java/lang/NoSuchMethodError'{0x0000000705bfab28}: 'java.lang.Object java.lang.invoke.DirectMethodHandle$Holder.invokeStatic(java.lang.Object, int, java.lang.Object, java.lang.Object)'> (0x0000000705bfab28) 
thrown [s\open\src\hotspot\share\interpreter\linkResolver.cpp, line 773]
Event: 21.102 Thread 0x000001f6a277b1a0 Exception <a 'java/lang/NoSuchMethodError'{0x0000000705bfea18}: 'java.lang.Object java.lang.invoke.DirectMethodHandle$Holder.invokeSpecial(java.lang.Object, java.lang.Object, int, java.lang.Object, java.lang.Object)'> (0x0000000705bfea18) 
thrown [s\open\src\hotspot\share\interpreter\linkResolver.cpp, line 773]
Event: 21.102 Thread 0x000001f6a277b1a0 Exception <a 'java/lang/NoSuchMethodError'{0x0000000705802748}: 'java.lang.Object java.lang.invoke.DelegatingMethodHandle$Holder.delegate(java.lang.Object, int, java.lang.Object, java.lang.Object)'> (0x0000000705802748) 
thrown [s\open\src\hotspot\share\interpreter\linkResolver.cpp, line 773]
Event: 21.103 Thread 0x000001f6a277b1a0 Exception <a 'java/lang/NoSuchMethodError'{0x0000000705812a88}: 'int java.lang.invoke.Invokers$Holder.linkToTargetMethod(java.lang.Object, java.lang.Object, java.lang.Object)'> (0x0000000705812a88) 
thrown [s\open\src\hotspot\share\interpreter\linkResolver.cpp, line 773]
Event: 65.424 Thread 0x000001f6a277b830 Exception <a 'java/lang/NoSuchMethodError'{0x0000000705948600}: 'java.lang.Object java.lang.invoke.DirectMethodHandle$Holder.invokeStatic(java.lang.Object, int, int)'> (0x0000000705948600) 
thrown [s\open\src\hotspot\share\interpreter\linkResolver.cpp, line 773]

ZGC Phase Switch (0 events):
No events

VM Operations (20 events):
Event: 1662.196 Executing VM operation: Cleanup done
Event: 2084.600 Executing VM operation: Cleanup
Event: 2084.600 Executing VM operation: Cleanup done
Event: 2164.092 Executing VM operation: Cleanup
Event: 2164.092 Executing VM operation: Cleanup done
Event: 2344.427 Executing VM operation: Cleanup
Event: 2344.427 Executing VM operation: Cleanup done
Event: 2512.412 Executing VM operation: Cleanup
Event: 2512.412 Executing VM operation: Cleanup done
Event: 2564.706 Executing VM operation: Cleanup
Event: 2564.706 Executing VM operation: Cleanup done
Event: 2681.443 Executing VM operation: Cleanup
Event: 2681.443 Executing VM operation: Cleanup done
Event: 3605.161 Executing VM operation: RedefineClasses
Event: 3605.179 Executing VM operation: RedefineClasses done
Event: 3605.189 Executing VM operation: ChangeBreakpoints
Event: 3605.191 Executing VM operation: ChangeBreakpoints done
Event: 3605.198 Executing VM operation: ChangeBreakpoints
Event: 3605.200 Executing VM operation: ChangeBreakpoints done
Event: 3624.931 Executing VM operation: RedefineClasses

Events (20 events):
Event: 1.345 Thread 0x000001f6a277bec0 Thread exited: 0x000001f6a277bec0
Event: 2.112 Thread 0x000001f6a277cbe0 Thread added: 0x000001f6a277cbe0
Event: 2.113 Thread 0x000001f6a277df90 Thread added: 0x000001f6a277df90
Event: 2.117 Thread 0x000001f6a277d270 Thread added: 0x000001f6a277d270
Event: 2.427 Thread 0x000001f6a277e620 Thread added: 0x000001f6a277e620
Event: 2.427 Thread 0x000001f6a277b1a0 Thread added: 0x000001f6a277b1a0
Event: 2.427 Thread 0x000001f6a277d900 Thread added: 0x000001f6a277d900
Event: 2.427 Thread 0x000001f6a277b830 Thread added: 0x000001f6a277b830
Event: 2.427 Thread 0x000001f6a277c550 Thread added: 0x000001f6a277c550
Event: 2.427 Thread 0x000001f6a133cd40 Thread added: 0x000001f6a133cd40
Event: 2.428 Thread 0x000001f6a133c6b0 Thread added: 0x000001f6a133c6b0
Event: 2.428 Thread 0x000001f6a1339f50 Thread added: 0x000001f6a1339f50
Event: 2.428 Thread 0x000001f6a133f4a0 Thread added: 0x000001f6a133f4a0
Event: 2.428 Thread 0x000001f6a1339230 Thread added: 0x000001f6a1339230
Event: 2.442 Thread 0x000001f6a13398c0 Thread added: 0x000001f6a13398c0
Event: 2.443 Thread 0x000001f6a133b300 Thread added: 0x000001f6a133b300
Event: 2.456 Thread 0x000001f639ebbbb0 Thread exited: 0x000001f639ebbbb0
Event: 2.456 Thread 0x000001f6a133fb30 Thread added: 0x000001f6a133fb30
Event: 7.712 Thread 0x000001f6598e77d0 Thread exited: 0x000001f6598e77d0
Event: 12.125 Thread 0x000001f6598e55c0 Thread exited: 0x000001f6598e55c0


Dynamic libraries:
0x00007ff73ffb0000 - 0x00007ff73ffc0000 	C:\Program Files\Java\jdk-21\bin\javaw.exe
0x00007ff9028b0000 - 0x00007ff902aa8000 	C:\WINDOWS\SYSTEM32\ntdll.dll
0x00007ff900f00000 - 0x00007ff900fc2000 	C:\WINDOWS\System32\KERNEL32.dll
0x00007ff8fa000000 - 0x00007ff8fa11f000 	C:\Windows\system32\hmpalert.dll
0x00007ff900580000 - 0x00007ff900876000 	C:\WINDOWS\System32\KERNELBASE.dll
0x00007ff9003c0000 - 0x00007ff9004c0000 	C:\WINDOWS\System32\ucrtbase.dll
0x00007ff8eb430000 - 0x00007ff8eb449000 	C:\Program Files\Java\jdk-21\bin\jli.dll
0x00007ff900de0000 - 0x00007ff900e91000 	C:\WINDOWS\System32\ADVAPI32.dll
0x00007ff8eb3a0000 - 0x00007ff8eb3bb000 	C:\Program Files\Java\jdk-21\bin\VCRUNTIME140.dll
0x00007ff9008d0000 - 0x00007ff90096e000 	C:\WINDOWS\System32\msvcrt.dll
0x00007ff901df0000 - 0x00007ff901e8f000 	C:\WINDOWS\System32\sechost.dll
0x00007ff901f10000 - 0x00007ff902030000 	C:\WINDOWS\System32\RPCRT4.dll
0x00007ff900550000 - 0x00007ff900577000 	C:\WINDOWS\System32\bcrypt.dll
0x00007ff901430000 - 0x00007ff9015d1000 	C:\WINDOWS\System32\USER32.dll
0x00007ff9001f0000 - 0x00007ff900212000 	C:\WINDOWS\System32\win32u.dll
0x00007ff902700000 - 0x00007ff90272b000 	C:\WINDOWS\System32\GDI32.dll
0x00007ff9002a0000 - 0x00007ff9003b9000 	C:\WINDOWS\System32\gdi32full.dll
0x00007ff8ffff0000 - 0x00007ff90008d000 	C:\WINDOWS\System32\msvcp_win.dll
0x00007ff8e02c0000 - 0x00007ff8e055b000 	C:\WINDOWS\WinSxS\amd64_microsoft.windows.common-controls_6595b64144ccf1df_6.0.19041.6456_none_60b8a6cb71f64256\COMCTL32.dll
0x00007ff8fc080000 - 0x00007ff8fc08a000 	C:\WINDOWS\SYSTEM32\VERSION.dll
0x00007ff902390000 - 0x00007ff9023bf000 	C:\WINDOWS\System32\IMM32.DLL
0x00007ff8f1f40000 - 0x00007ff8f1f4c000 	C:\Program Files\Java\jdk-21\bin\vcruntime140_1.dll
0x00007ff8e1dd0000 - 0x00007ff8e1e5e000 	C:\Program Files\Java\jdk-21\bin\msvcp140.dll
0x00007ff8c7280000 - 0x00007ff8c7f9d000 	C:\Program Files\Java\jdk-21\bin\server\jvm.dll
0x00007ff9012a0000 - 0x00007ff90130b000 	C:\WINDOWS\System32\WS2_32.dll
0x00007ff8ffe10000 - 0x00007ff8ffe5b000 	C:\WINDOWS\SYSTEM32\POWRPROF.dll
0x00007ff8f7f30000 - 0x00007ff8f7f57000 	C:\WINDOWS\SYSTEM32\WINMM.dll
0x00007ff8ffd80000 - 0x00007ff8ffd92000 	C:\WINDOWS\SYSTEM32\UMPDC.dll
0x00007ff8fddd0000 - 0x00007ff8fdde2000 	C:\WINDOWS\SYSTEM32\kernel.appcore.dll
0x00007ff8eae50000 - 0x00007ff8eae5a000 	C:\Program Files\Java\jdk-21\bin\jimage.dll
0x00007ff8f9320000 - 0x00007ff8f9521000 	C:\WINDOWS\SYSTEM32\DBGHELP.DLL
0x00007ff8ebab0000 - 0x00007ff8ebae4000 	C:\WINDOWS\SYSTEM32\dbgcore.DLL
0x00007ff9004c0000 - 0x00007ff900542000 	C:\WINDOWS\System32\bcryptPrimitives.dll
0x00007ff8d7250000 - 0x00007ff8d728c000 	C:\Program Files\Java\jdk-21\bin\jdwp.dll
0x00007ff8eb420000 - 0x00007ff8eb42f000 	C:\Program Files\Java\jdk-21\bin\instrument.dll
0x00007ff8e51c0000 - 0x00007ff8e51df000 	C:\Program Files\Java\jdk-21\bin\java.dll
0x00007ff901680000 - 0x00007ff901df0000 	C:\WINDOWS\System32\SHELL32.dll
0x00007ff8fdfd0000 - 0x00007ff8fe775000 	C:\WINDOWS\SYSTEM32\windows.storage.dll
0x00007ff902030000 - 0x00007ff902384000 	C:\WINDOWS\System32\combase.dll
0x00007ff8ff890000 - 0x00007ff8ff8bb000 	C:\WINDOWS\SYSTEM32\Wldp.dll
0x00007ff9023c0000 - 0x00007ff90248d000 	C:\WINDOWS\System32\OLEAUT32.dll
0x00007ff9011f0000 - 0x00007ff90129d000 	C:\WINDOWS\System32\SHCORE.dll
0x00007ff901180000 - 0x00007ff9011db000 	C:\WINDOWS\System32\shlwapi.dll
0x00007ff8ffe70000 - 0x00007ff8ffe94000 	C:\WINDOWS\SYSTEM32\profapi.dll
0x00007ff8cef50000 - 0x00007ff8cf027000 	C:\Program Files\Java\jdk-21\bin\jsvml.dll
0x00007ff8eb390000 - 0x00007ff8eb39c000 	C:\Program Files\Java\jdk-21\bin\dt_socket.dll
0x00007ff8ff2d0000 - 0x00007ff8ff30b000 	C:\WINDOWS\SYSTEM32\IPHLPAPI.DLL
0x00007ff8ff5f0000 - 0x00007ff8ff65a000 	C:\WINDOWS\system32\mswsock.dll
0x00007ff8ff310000 - 0x00007ff8ff3da000 	C:\WINDOWS\SYSTEM32\DNSAPI.dll
0x00007ff9026f0000 - 0x00007ff9026f8000 	C:\WINDOWS\System32\NSI.dll
0x00007ff8f6c70000 - 0x00007ff8f6c7a000 	C:\Windows\System32\rasadhlp.dll
0x00007ff8f7450000 - 0x00007ff8f74d0000 	C:\WINDOWS\System32\fwpuclnt.dll
0x00007ff8cf280000 - 0x00007ff8cf298000 	C:\Program Files\Java\jdk-21\bin\zip.dll
0x00007ff8eae40000 - 0x00007ff8eae50000 	C:\Program Files\Java\jdk-21\bin\net.dll
0x00007ff8fac50000 - 0x00007ff8fad5a000 	C:\WINDOWS\SYSTEM32\WINHTTP.dll
0x00007ff8cf2a0000 - 0x00007ff8cf2b6000 	C:\Program Files\Java\jdk-21\bin\nio.dll
0x00007ff8ed820000 - 0x00007ff8ed830000 	C:\Program Files\Java\jdk-21\bin\verify.dll
0x00007ff8ea9d0000 - 0x00007ff8ea9de000 	C:\Program Files\Java\jdk-21\bin\sunmscapi.dll
0x00007ff900090000 - 0x00007ff9001ed000 	C:\WINDOWS\System32\CRYPT32.dll
0x00007ff8ff900000 - 0x00007ff8ff927000 	C:\WINDOWS\SYSTEM32\ncrypt.dll
0x00007ff8ff8c0000 - 0x00007ff8ff8fb000 	C:\WINDOWS\SYSTEM32\NTASN1.dll
0x00007ff8ff7e0000 - 0x00007ff8ff7f8000 	C:\WINDOWS\SYSTEM32\CRYPTSP.dll
0x00007ff8fef10000 - 0x00007ff8fef48000 	C:\WINDOWS\system32\rsaenh.dll
0x00007ff8ffde0000 - 0x00007ff8ffe0e000 	C:\WINDOWS\SYSTEM32\USERENV.dll
0x00007ff8ff800000 - 0x00007ff8ff80c000 	C:\WINDOWS\SYSTEM32\CRYPTBASE.dll
0x00007ff8eb380000 - 0x00007ff8eb38a000 	C:\Program Files\Java\jdk-21\bin\management.dll
0x00007ff8eb370000 - 0x00007ff8eb37b000 	C:\Program Files\Java\jdk-21\bin\management_ext.dll
0x00007ff9015e0000 - 0x00007ff9015e8000 	C:\WINDOWS\System32\PSAPI.DLL
0x00007ff8da300000 - 0x00007ff8da309000 	C:\Program Files\Java\jdk-21\bin\extnet.dll
0x00007ff8c9570000 - 0x00007ff8c9577000 	C:\WINDOWS\system32\wshunix.dll

dbghelp: loaded successfully - version: 4.0.5 - missing functions: none
symbol engine: initialized successfully - sym options: 0x614 - pdb path: .;C:\Program Files\Java\jdk-21\bin;C:\WINDOWS\SYSTEM32;C:\WINDOWS\WinSxS\amd64_microsoft.windows.common-controls_6595b64144ccf1df_6.0.19041.6456_none_60b8a6cb71f64256;C:\Program Files\Java\jdk-21\bin\server

VM Arguments:
jvm_args: -XX:+ShowCodeDetailsInExceptionMessages -agentlib:jdwp=transport=dt_socket,suspend=y,address=localhost:60859 -javaagent:C:\Users\Dell\eclipse\jee-2024-09\eclipse\configuration\org.eclipse.osgi\446\0\.cp\lib\javaagent-shaded.jar -Dfile.encoding=UTF-8 -Dstdout.encoding=UTF-8 -Dstderr.encoding=UTF-8 
java_command: com.sat.tmf.tkt.tktbooking.TicketBookingApplication
java_class_path (initial): D:\work\TicketBooking\target\test-classes;D:\work\TicketBooking\target\classes;C:\Users\Dell\.m2\repository\org\springframework\boot\spring-boot-starter-webmvc\4.0.1\spring-boot-starter-webmvc-4.0.1.jar;C:\Users\Dell\.m2\repository\org\springframework\boot\spring-boot-starter\4.0.1\spring-boot-starter-4.0.1.jar;C:\Users\Dell\.m2\repository\org\springframework\boot\spring-boot-starter-logging\4.0.1\spring-boot-starter-logging-4.0.1.jar;C:\Users\Dell\.m2\repository\ch\qos\logback\logback-classic\1.5.22\logback-classic-1.5.22.jar;C:\Users\Dell\.m2\repository\ch\qos\logback\logback-core\1.5.22\logback-core-1.5.22.jar;C:\Users\Dell\.m2\repository\org\slf4j\slf4j-api\2.0.17\slf4j-api-2.0.17.jar;C:\Users\Dell\.m2\repository\org\apache\logging\log4j\log4j-to-slf4j\2.25.3\log4j-to-slf4j-2.25.3.jar;C:\Users\Dell\.m2\repository\org\apache\logging\log4j\log4j-api\2.25.3\log4j-api-2.25.3.jar;C:\Users\Dell\.m2\repository\org\slf4j\jul-to-slf4j\2.0.17\jul-to-slf4j-2.0.17.jar;C:\Users\Dell\.m2\repository\org\springframework\boot\spring-boot-autoconfigure\4.0.1\spring-boot-autoconfigure-4.0.1.jar;C:\Users\Dell\.m2\repository\org\springframework\boot\spring-boot\4.0.1\spring-boot-4.0.1.jar;C:\Users\Dell\.m2\repository\org\springframework\spring-core\7.0.2\spring-core-7.0.2.jar;C:\Users\Dell\.m2\repository\commons-logging\commons-logging\1.3.5\commons-logging-1.3.5.jar;C:\Users\Dell\.m2\repository\org\jspecify\jspecify\1.0.0\jspecify-1.0.0.jar;C:\Users\Dell\.m2\repository\org\springframework\spring-context\7.0.2\spring-context-7.0.2.jar;C:\Users\Dell\.m2\repository\org\springframework\spring-aop\7.0.2\spring-aop-7.0.2.jar;C:\Users\Dell\.m2\repository\org\springframework\spring-beans\7.0.2\spring-beans-7.0.2.jar;C:\Users\Dell\.m2\repository\org\springframework\spring-expression\7.0.2\spring-expression-7.0.2.jar;C:\Users\Dell\.m2\repository\io\micrometer\micrometer-observation\1.16.1\micrometer-observation-1.16.1.jar;C:\Users\Dell\.m2\repository\io\micrometer\micrometer-commons\1.16.1\micrometer-commons-1.16.1.jar;C:\Users\Dell\.m2\repository\jakarta\annotation\jakarta.annotation-api\3.0.0\jakarta.annotation-api-3.0.0.jar;C:\Users\Dell\.m2\repository\org\yaml\snakeyaml\2.5\snakeyaml-2.5.jar;C:\Users\Dell\.m2\repository\org\springframework\boot\spring-boot-starter-jackson\4.0.1\spring-boot-starter-jackson-4.0.1.jar;C:\Users\Dell\.m2\repository\org\springframework\boot\spring-boot-jackson\4.0.1\spring-boot-jackson-4.0.1.jar;C:\Users\Dell\.m2\repository\tools\jackson\core\jackson-databind\3.0.3\jackson-databind-3.0.3.jar;C:\Users\Dell\.m2\repository\com\fasterxml\jackson\core\jackson-annotations\2.20\jackson-annotations-2.20.jar;C:\Users\Dell\.m2\repository\tools\jackson\core\jackson-core\3.0.3\jackson-core-3.0.3.jar;C:\Users\Dell\.m2\repository\org\springframework\boot\spring-boot-starter-tomcat\4.0.1\spring-boot-starter-tomcat-4.0.1.jar;C:\Users\Dell\.m2\repository\org\springframework\boot\spring-boot-starter-tomcat-runtime\4.0.1\spring-boot-starter-tomcat-runtime-4.0.1.jar;C:\Users\Dell\.m2\repository\org\springframework\boot\spring-boot-tomcat\4.0.1\spring-boot-tomcat-4.0.1.jar;C:\Users\Dell\.m2\repository\org\springframework\boot\spring-boot-web-server\4.0.1\spring-boot-web-server-4.0.1.jar;C:\Users\Dell\.m2\repository\org\apache\tomcat\embed\tomcat-embed-core\11.0.15\tomcat-embed-core-11.0.15.jar;C:\Users\Dell\.m2\repository\org\apache\tomcat\embed\tomcat-embed-el\11.0.15\tomcat-embed-el-11.0.15.jar;C:\Users\Dell\.m2\repository\org\apache\tomcat\embed\tomcat-embed-websocket\11.0.15\tomcat-embed-websocket-11.0.15.jar;C:\Users\Dell\.m2\repository\org\springframework\boot\spring-boot-http-converter\4.0.1\spring-boot-http-converter-4.0.1.jar;C:\Users\Dell\.m2\repository\org\springframework\spring-web\7.0.2\spring-web-7.0.2.jar;C:\Users\Dell\.m2\repository\org\springframework\boot\spring-boot-webmvc\4.0.1\spring-boot-webmvc-4.0.1.jar;C:\Users\Dell\.m2\repository\org\springframework\boot\spring-boot-servlet\4.0.1\spring-boot-servlet-4.0.1.jar;C:\Users\Dell\.m2\repository\org\springframework\spring-webmvc\7.0.2\spring-webmvc-7.0.2.jar;C:\Users\Dell\.m2\repository\org\springframework\boot\spring-boot-starter-webmvc-test\4.0.1\spring-boot-starter-webmvc-test-4.0.1.jar;C:\Users\Dell\.m2\repository\org\springframework\boot\spring-boot-starter-jackson-test\4.0.1\spring-boot-starter-jackson-test-4.0.1.jar;C:\Users\Dell\.m2\repository\org\springframework\boot\spring-boot-starter-test\4.0.1\spring-boot-starter-test-4.0.1.jar;C:\Users\Dell\.m2\repository\org\springframework\boot\spring-boot-test\4.0.1\spring-boot-test-4.0.1.jar;C:\Users\Dell\.m2\repository\org\springframework\spring-test\7.0.2\spring-test-7.0.2.jar;C:\Users\Dell\.m2\repository\org\springframework\boot\spring-boot-test-autoconfigure\4.0.1\spring-boot-test-autoconfigure-4.0.1.jar;C:\Users\Dell\.m2\repository\com\jayway\jsonpath\json-path\2.10.0\json-path-2.10.0.jar;C:\Users\Dell\.m2\repository\net\minidev\json-smart\2.6.0\json-smart-2.6.0.jar;C:\Users\Dell\.m2\repository\net\minidev\accessors-smart\2.6.0\accessors-smart-2.6.0.jar;C:\Users\Dell\.m2\repository\org\ow2\asm\asm\9.7.1\asm-9.7.1.jar;C:\Users\Dell\.m2\repository\jakarta\xml\bind\jakarta.xml.bind-api\4.0.4\jakarta.xml.bind-api-4.0.4.jar;C:\Users\Dell\.m2\repository\jakarta\activation\jakarta.activation-api\2.1.4\jakarta.activation-api-2.1.4.jar;C:\Users\Dell\.m2\repository\org\assertj\assertj-core\3.27.6\assertj-core-3.27.6.jar;C:\Users\Dell\.m2\repository\net\bytebuddy\byte-buddy\1.17.8\byte-buddy-1.17.8.jar;C:\Users\Dell\.m2\repository\org\awaitility\awaitility\4.3.0\awaitility-4.3.0.jar;C:\Users\Dell\.m2\repository\org\hamcrest\hamcrest\3.0\hamcrest-3.0.jar;C:\Users\Dell\.m2\repository\org\junit\jupiter\junit-jupiter\6.0.1\junit-jupiter-6.0.1.jar;C:\Users\Dell\.m2\repository\org\junit\jupiter\junit-jupiter-api\6.0.1\junit-jupiter-api-6.0.1.jar;C:\Users\Dell\.m2\repository\org\opentest4j\opentest4j\1.3.0\opentest4j-1.3.0.jar;C:\Users\Dell\.m2\repository\org\junit\platform\junit-platform-commons\6.0.1\junit-platform-commons-6.0.1.jar;C:\Users\Dell\.m2\repository\org\apiguardian\apiguardian-api\1.1.2\apiguardian-api-1.1.2.jar;C:\Users\Dell\.m2\repository\org\junit\jupiter\junit-jupiter-params\6.0.1\junit-jupiter-params-6.0.1.jar;C:\Users\Dell\.m2\repository\org\junit\jupiter\junit-jupiter-engine\6.0.1\junit-jupiter-engine-6.0.1.jar;C:\Users\Dell\.m2\repository\org\junit\platform\junit-platform-engine\6.0.1\junit-platform-engine-6.0.1.jar;C:\Users\Dell\.m2\repository\org\mockito\mockito-core\5.20.0\mockito-core-5.20.0.jar;C:\Users\Dell\.m2\repository\net\bytebuddy\byte-buddy-agent\1.17.8\byte-buddy-agent-1.17.8.jar;C:\Users\Dell\.m2\repository\org\objenesis\objenesis\3.3\objenesis-3.3.jar;C:\Users\Dell\.m2\repository\org\mockito\mockito-junit-jupiter\5.20.0\mockito-junit-jupiter-5.20.0.jar;C:\Users\Dell\.m2\repository\org\skyscreamer\jsonassert\1.5.3\jsonassert-1.5.3.jar;C:\Users\Dell\.m2\repository\com\vaadin\external\google\android-json\0.0.20131108.vaadin1\android-json-0.0.20131108.vaadin1.jar;C:\Users\Dell\.m2\repository\org\xmlunit\xmlunit-core\2.10.4\xmlunit-core-2.10.4.jar;C:\Users\Dell\.m2\repository\org\springframework\boot\spring-boot-webmvc-test\4.0.1\spring-boot-webmvc-test-4.0.1.jar;C:\Users\Dell\.m2\repository\org\springframework\boot\spring-boot-resttestclient\4.0.1\spring-boot-resttestclient-4.0.1.jar
Launcher Type: SUN_STANDARD

[Global flags]
     intx CICompilerCount                          = 4                                         {product} {ergonomic}
     uint ConcGCThreads                            = 3                                         {product} {ergonomic}
     uint G1ConcRefinementThreads                  = 10                                        {product} {ergonomic}
   size_t G1HeapRegionSize                         = 2097152                                   {product} {ergonomic}
    uintx GCDrainStackTargetSize                   = 64                                        {product} {ergonomic}
   size_t InitialHeapSize                          = 266338304                                 {product} {ergonomic}
   size_t MarkStackSize                            = 4194304                                   {product} {ergonomic}
   size_t MaxHeapSize                              = 4238344192                                {product} {ergonomic}
   size_t MaxNewSize                               = 2541748224                                {product} {ergonomic}
   size_t MinHeapDeltaBytes                        = 2097152                                   {product} {ergonomic}
   size_t MinHeapSize                              = 8388608                                   {product} {ergonomic}
    uintx NonNMethodCodeHeapSize                   = 5839372                                {pd product} {ergonomic}
    uintx NonProfiledCodeHeapSize                  = 122909434                              {pd product} {ergonomic}
    uintx ProfiledCodeHeapSize                     = 122909434                              {pd product} {ergonomic}
    uintx ReservedCodeCacheSize                    = 251658240                              {pd product} {ergonomic}
     bool SegmentedCodeCache                       = true                                      {product} {ergonomic}
     bool ShowCodeDetailsInExceptionMessages       = true                                   {manageable} {command line}
   size_t SoftMaxHeapSize                          = 4238344192                             {manageable} {ergonomic}
     bool UseCompressedOops                        = true                           {product lp64_product} {ergonomic}
     bool UseG1GC                                  = true                                      {product} {ergonomic}
     bool UseLargePagesIndividualAllocation        = false                                  {pd product} {ergonomic}

Logging:
Log output configuration:
 #0: stdout all=warning uptime,level,tags foldmultilines=false
 #1: stderr all=off uptime,level,tags foldmultilines=false

Environment Variables:
PATH=C:/Program Files/Java/jdk-21/bin/server;C:/Program Files/Java/jdk-21/bin;C:\Program Files\Java\jdk-21\bin;C:\Program Files\Common Files\Oracle\Java\javapath;C:\Python312\Scripts\;C:\Python312\;C:\WINDOWS\system32;C:\WINDOWS;C:\WINDOWS\System32\Wbem;C:\WINDOWS\System32\WindowsPowerShell\v1.0\;C:\WINDOWS\System32\OpenSSH\;C:\ProgramData\chocolatey\bin;C:\Program Files\Git\cmd;C:\Program Files\MySQL\MySQL Server 8.0\bin;C:\Program Files\apache-maven-3.9.9\bin;C:\Program Files\nodejs\;C:\Program Files\GitExtensions\;C:\Program Files\dotnet\;C:\Program Files\MySQL\MySQL Server 8.0\bin;C:\Users\Dell\Downloads\mysql-8.0.42-winx64-debug-test\mysql-8.0.42-winx64\bin;C:\Users\Dell\AppData\Local\Microsoft\WindowsApps;C:\Users\Dell\AppData\Local\Programs\Microsoft VS Code\bin;C:\php8;C:\Users\Dell\AppData\Roaming\npm;C:\ProgramData\Dell\GitHubDesktop\bin;C:\Users\Dell\AppData\Local\GitHubDesktop\bin;C:\Program Files\MySQL\MySQL Server 8.0\bin;;C:\WINDOWS\system32;
USERNAME=Dell
OS=Windows_NT
PROCESSOR_IDENTIFIER=Intel64 Family 6 Model 158 Stepping 10, GenuineIntel
TMP=C:\Users\Dell\AppData\Local\Temp
TEMP=C:\Users\Dell\AppData\Local\Temp




Periodic native trim disabled

---------------  S Y S T E M  ---------------

OS:
 Windows 10 , 64 bit Build 19041 (10.0.19041.5915)
OS uptime: 0 days 3:09 hours

CPU: total 12 (initial active 12) (6 cores per cpu, 2 threads per core) family 6 model 158 stepping 10 microcode 0xf0, cx8, cmov, fxsr, ht, mmx, 3dnowpref, sse, sse2, sse3, ssse3, sse4.1, sse4.2, popcnt, lzcnt, tsc, tscinvbit, avx, avx2, aes, erms, clmul, bmi1, bmi2, rtm, adx, fma, vzeroupper, clflush, clflushopt, rdtscp, f16c
Processor Information for all 12 processors :
  Max Mhz: 3192, Current Mhz: 3192, Mhz Limit: 3192

Memory: 4k page, system-wide physical 16165M (8136M free)
TotalPageFile size 18597M (AvailPageFile size 6865M)
current process WorkingSet (physical memory assigned to process): 180M, peak: 246M
current process commit charge ("private bytes"): 239M, peak: 461M

vm_info: Java HotSpot(TM) 64-Bit Server VM (21.0.8+12-LTS-250) for windows-amd64 JRE (21.0.8+12-LTS-250), built on 2025-06-27T08:11:22Z by "mach5one" with MS VC++ 17.6 (VS2022)

END.
